<?xml version="1.0" encoding="UTF-8"?>
<!-- Generated by org.testng.reporters.JUnitReportReporter -->
<testsuite hostname="MacBookPro.fritz.box" failures="0" tests="1" name="amazontest.Testcase1" time="17.925" errors="0" timestamp="2024-11-12T22:07:08 CET" skipped="0">
  <testcase classname="amazontest.Testcase1" name="logintoamazon" time="17.925"/>
</testsuite> <!-- amazontest.Testcase1 -->
