<?xml version="1.0" encoding="UTF-8"?>
<!-- Generated by org.testng.reporters.JUnitReportReporter -->
<testsuite hostname="MacBookPro.fritz.box" failures="0" tests="1" name="testfacebook.login_facebook" time="4.391" errors="0" timestamp="2024-11-06T11:08:21 CET" skipped="0">
  <testcase classname="testfacebook.login_facebook" name="login_to_facebook_with_valid_data" time="4.391"/>
</testsuite> <!-- testfacebook.login_facebook -->
