<?xml version="1.0" encoding="UTF-8"?>
<!-- Generated by org.testng.reporters.JUnitReportReporter -->
<testsuite hostname="MacBookPro.fritz.box" failures="0" tests="1" name="amazontest.Testcase2" time="13.979" errors="0" timestamp="2024-11-12T22:07:08 CET" skipped="0">
  <testcase classname="amazontest.Testcase2" name="search" time="13.979"/>
</testsuite> <!-- amazontest.Testcase2 -->
