<?xml version="1.0" encoding="UTF-8"?>
<!-- Generated by org.testng.reporters.JUnitReportReporter -->
<testsuite hostname="MacBookPro.fritz.box" failures="0" tests="1" name="amazontest.Testcase4" time="31.789" errors="0" timestamp="2024-11-12T22:35:54 CET" skipped="0">
  <testcase classname="amazontest.Testcase4" name="wishlist" time="31.789"/>
</testsuite> <!-- amazontest.Testcase4 -->
