<?xml version="1.0" encoding="UTF-8"?>
<!-- Generated by org.testng.reporters.JUnitReportReporter -->
<testsuite hostname="MacBookPro.fritz.box" failures="0" tests="1" name="amazontest.Testcase4" time="32.376" errors="0" timestamp="2024-11-14T16:43:45 CET" skipped="0">
  <testcase classname="amazontest.Testcase4" name="wishlist" time="32.376"/>
</testsuite> <!-- amazontest.Testcase4 -->
